Starting build at 16:12:11
DEBUG MODE WAS SET FROM THE COMMAND LINE INVOCATION - "debug"
16:12:11 - Main Code
    args:  [No arguments passed-in]

16:12:11 - Starting download at 2014-04-17 16:12:11
    args:  [No arguments passed-in]

16:12:12 - Starting build at 2014-04-17 16:12:12
    args:  [No arguments passed-in]

16:12:12 - math and other prerequisites
    args:  [No arguments passed-in]

16:12:12 - Skipping build of autoconf-2.64 because it's already built
    args:  autoconf-2.64

16:12:12 - Skipping build of automake-1.11.1 because it's already built
    args:  automake-1.11.1

16:12:12 - Skipping build of gmp-6.0.0 because it's already built
    args:  gmp-6.0.0

16:12:12 - Skipping build of mpfr-3.1.2 because it's already built
    args:  mpfr-3.1.2

16:12:12 - Skipping build of mpc-1.0 because it's already built
    args:  mpc-1.0

16:12:12 - additional goodies
    args:  [No arguments passed-in]

16:12:12 - Skipping build of make-4.0 because it's already built
    args:  make-4.0

16:12:12 - Skipping build of libusb-1.0.9 because it's already built
    args:  libusb-1.0.9

16:12:12 - Skipping build of libusb-0.1.12 because it's already built
    args:  libusb-0.1.12

16:12:12 - Skipping build of libusb-1.0.9 because it's already built
    args:  libusb-1.0.9

16:12:12 - Skipping build of libusb-0.1.12 because it's already built
    args:  libusb-0.1.12

16:12:12 - binutils and prerequisites
    args:  [No arguments passed-in]

16:12:12 - Skipping build of avr-binutils-2.24 because it's already built
    args:  avr-binutils-2.24

16:12:12 - gcc bootstrap
    args:  [No arguments passed-in]

16:12:12 - Skipping build of avr-gcc-4.8.2 because it's already built
    args:  avr-gcc-4.8.2

16:12:12 - avr-libc
    args:  [No arguments passed-in]

16:12:12 - Skipping build of avr-libc-1.8.0 because it's already built
    args:  avr-libc-1.8.0

16:12:12 - avr-gcc full build
    args:  [No arguments passed-in]

16:12:12 - Skipping build of avr-gcc-4.8.2 because it's already built
    args:  avr-gcc-4.8.2

16:12:12 - gdb and simulavr
    args:  [No arguments passed-in]

16:12:12 - Skipping build of gdb-7.6.2 because it's already built
    args:  gdb-7.6.2

16:12:12 - Skipping build of avarice-2.13 because it's already built
    args:  avarice-2.13

16:12:12 - Skipping build of simulavr-0.1.2.7 because it's already built
    args:  simulavr-0.1.2.7

16:12:12 - avrdude
    args:  [No arguments passed-in]

16:12:12 - PATH
    args:  /Users/nickromans/workspaces/JuDuino_x64/CrossPack-AVR/temporary-install/automake/bin:/Users/nickromans/workspaces/JuDuino_x64/CrossPack-AVR/temporary-install/autoconf/bin:/usr/local/CrossPack-AVR-20140413/bin:/Applications/Xcode.app/Contents/Developer/usr/bin:/Applications/Xcode.app/Contents/Developer/Toolchains/XcodeDefault.xctoolchain/usr/bin:/usr/bin:/bin:/usr/sbin:/sbin:/usr/local/include

16:12:12 - buildCFLAGS
    args:  -isysroot /Applications/Xcode.app/Contents/Developer/Platforms/MacOSX.platform/Developer/SDKs/MacOSX10.8.sdk -mmacosx-version-min=10.6 -arch i386 -fno-stack-protector -I/usr/local/CrossPack-AVR-20140413/include

16:12:12 - LDFLAGS
    args:   -L/usr/local/CrossPack-AVR-20140413/lib -lusb -Wl,-framework -Wl,IOKit -Wl,-framework -Wl,CoreFoundation -Wl,-prebind

16:12:12 - Building "avrdude-6.1" with...
    args:  [No arguments passed-in]

